<?xml version="1.0" encoding="UTF-8"?>
<!-- Generated by org.testng.reporters.JUnitReportReporter -->
<testsuite hostname="Drishti-PC" name="Guru.abccls" tests="1" failures="0" timestamp="7 Jun 2016 21:01:19 GMT" time="16.022" errors="0">
  <testcase name="f" time="16.022" classname="Guru.abccls"/>
</testsuite> <!-- Guru.abccls -->
